{
  "RSpec": {
    "coverage": {
      "/Users/shahnisarg/Desktop/HA_Physics/einstein/app/models/data/deal_run_probability.rb": [
        1,
        1,
        2,
        2,
        null,
        null,
        null,
        null,
        null,
        1,
        3,
        3,
        21,
        null,
        3,
        15,
        9,
        9,
        null,
        9,
        6,
        null,
        null,
        9,
        null,
        null,
        3,
        3,
        null,
        null,
        3,
        null,
        null,
        1,
        14,
        2,
        2,
        2,
        null,
        0,
        null,
        null,
        null
      ],
      "/Users/shahnisarg/Desktop/HA_Physics/einstein/app/models/data/deal_velocity.rb": [
        1,
        1,
        3,
        7,
        7,
        null,
        7,
        7,
        null,
        7,
        null,
        null,
        10,
        null,
        null
      ],
      "/Users/shahnisarg/Desktop/HA_Physics/einstein/app/models/data/revenue_projection.rb": [
        1,
        1,
        12,
        null,
        null,
        null,
        null,
        null,
        null,
        1,
        9,
        null,
        9,
        null,
        9,
        9,
        null,
        0,
        null,
        null,
        9,
        null,
        null
      ],
      "/Users/shahnisarg/Desktop/HA_Physics/einstein/app/models/data/top_districts.rb": [
        1,
        1,
        453,
        3,
        null,
        3,
        6,
        6,
        null,
        null,
        9,
        null,
        null
      ],
      "/Users/shahnisarg/Desktop/HA_Physics/einstein/app/models/user.rb": [
        1,
        1,
        null,
        null,
        null,
        1,
        null,
        null,
        null,
        1,
        1,
        null,
        null,
        1,
        1,
        null,
        null,
        1,
        null,
        null,
        1,
        1,
        1,
        1,
        1,
        null,
        null,
        null,
        null,
        null,
        null,
        null,
        null,
        null,
        null,
        null,
        null,
        null,
        null,
        null
      ],
      "/Users/shahnisarg/Desktop/HA_Physics/einstein/app/controllers/application_controller.rb": [
        1,
        1,
        null
      ],
      "/Users/shahnisarg/Desktop/HA_Physics/einstein/app/helpers/application_helper.rb": [
        1,
        null
      ],
      "/Users/shahnisarg/Desktop/HA_Physics/einstein/app/helpers/categories_helper.rb": [
        1,
        null
      ],
      "/Users/shahnisarg/Desktop/HA_Physics/einstein/app/helpers/dashboards_helper.rb": [
        1,
        null
      ],
      "/Users/shahnisarg/Desktop/HA_Physics/einstein/app/helpers/divisions_helper.rb": [
        1,
        null
      ],
      "/Users/shahnisarg/Desktop/HA_Physics/einstein/app/helpers/home_helper.rb": [
        1,
        null
      ],
      "/Users/shahnisarg/Desktop/HA_Physics/einstein/app/controllers/categories_controller.rb": [
        1,
        1,
        null,
        1,
        0,
        null,
        null
      ],
      "/Users/shahnisarg/Desktop/HA_Physics/einstein/app/controllers/dashboards_controller.rb": [
        1,
        1,
        null,
        1,
        null,
        null,
        1,
        null,
        null,
        null,
        0,
        null,
        null,
        1,
        null,
        null,
        null,
        0,
        null,
        null,
        1,
        0,
        0,
        0,
        null,
        0,
        null,
        null,
        1,
        0,
        0,
        null,
        null,
        null,
        0,
        0,
        null,
        null,
        null
      ],
      "/Users/shahnisarg/Desktop/HA_Physics/einstein/app/controllers/divisions_controller.rb": [
        1,
        null,
        1,
        0,
        null,
        null,
        null
      ],
      "/Users/shahnisarg/Desktop/HA_Physics/einstein/app/controllers/home_controller.rb": [
        1,
        null,
        1,
        3,
        null,
        null,
        null
      ],
      "/Users/shahnisarg/Desktop/HA_Physics/einstein/app/models/deal.rb": [
        1,
        1,
        1,
        null,
        1,
        null,
        1,
        1,
        1,
        1,
        1,
        1,
        1,
        1,
        1,
        1,
        1,
        1,
        1,
        1,
        1,
        1,
        1,
        null,
        1,
        null,
        null,
        1,
        null,
        null,
        1,
        1,
        null,
        null,
        1,
        1,
        null,
        null,
        null
      ],
      "/Users/shahnisarg/Desktop/HA_Physics/einstein/app/models/deal_analysis.rb": [
        1,
        1,
        null,
        1,
        1,
        1,
        null,
        1,
        1,
        null,
        1,
        1,
        null,
        1,
        0,
        0,
        0,
        0,
        null,
        null,
        1,
        0,
        0,
        null,
        0,
        0,
        null,
        null,
        1,
        0,
        0,
        null,
        0,
        0,
        null,
        null,
        null,
        null,
        1,
        456,
        null,
        null,
        1,
        460,
        null,
        null,
        1,
        0,
        0,
        null,
        0,
        0,
        0,
        0,
        null,
        null,
        null,
        0,
        null,
        null,
        null
      ],
      "/Users/shahnisarg/Desktop/HA_Physics/einstein/app/models/purchase.rb": [
        1,
        1,
        1,
        1,
        null,
        1,
        null
      ]
    },
    "timestamp": 1341264749
  }
}
