{
  "RSpec": {
    "coverage": {
      "/Users/edwardweng/Code/ruby_100/jumpstart_tutorials/ha_physics/feynman/app/models/user.rb": [
        1,
        null,
        null,
        1,
        null,
        null,
        1,
        null,
        null,
        1,
        null,
        1,
        1,
        1,
        1,
        1,
        null,
        1,
        1,
        null,
        1,
        1,
        1,
        null,
        1,
        null,
        1,
        null,
        null,
        null,
        null,
        null,
        null,
        null,
        1,
        0,
        0,
        null,
        null,
        null,
        1,
        0,
        null,
        null,
        1,
        0,
        0,
        null,
        null,
        1,
        2,
        null,
        null,
        1,
        0,
        null,
        null,
        1,
        2,
        0,
        null,
        null,
        null,
        1,
        1,
        null,
        null,
        1,
        0,
        null,
        null,
        1,
        0,
        0,
        0,
        null,
        null,
        null
      ],
      "/Users/edwardweng/Code/ruby_100/jumpstart_tutorials/ha_physics/feynman/app/controllers/application_controller.rb": [
        1,
        1,
        1,
        1,
        null,
        1,
        null,
        1,
        0,
        null,
        null,
        1,
        0,
        null,
        null,
        1,
        0,
        null,
        null
      ],
      "/Users/edwardweng/Code/ruby_100/jumpstart_tutorials/ha_physics/feynman/app/helpers/user_details_helper.rb": [
        1,
        null,
        1,
        0,
        0,
        null,
        null,
        1,
        0,
        null,
        0,
        null,
        null,
        1,
        0,
        null,
        null,
        0,
        null,
        null,
        1,
        0,
        null,
        null,
        0,
        null,
        null,
        1,
        0,
        null,
        0,
        null,
        null,
        1,
        0,
        0,
        0,
        null,
        null
      ],
      "/Users/edwardweng/Code/ruby_100/jumpstart_tutorials/ha_physics/feynman/app/controllers/api/v1/authentications_controller.rb": [
        1,
        1,
        null,
        null,
        null,
        null,
        null,
        null,
        null,
        null,
        null,
        null,
        null,
        null,
        null,
        null,
        null
      ],
      "/Users/edwardweng/Code/ruby_100/jumpstart_tutorials/ha_physics/feynman/app/controllers/api_controller.rb": [
        1,
        1,
        null,
        1,
        null,
        1,
        0,
        0,
        0,
        null,
        null,
        null,
        null
      ],
      "/Users/edwardweng/Code/ruby_100/jumpstart_tutorials/ha_physics/feynman/app/models/authentication.rb": [
        1,
        1,
        1,
        null,
        1,
        2,
        null,
        null,
        1,
        2,
        2,
        null,
        null,
        null,
        1,
        null,
        null,
        null,
        null,
        null,
        0,
        null,
        null
      ],
      "/Users/edwardweng/Code/ruby_100/jumpstart_tutorials/ha_physics/feynman/app/controllers/api/v1/deals_controller.rb": [
        1,
        1,
        1,
        0,
        0,
        null,
        0,
        null,
        null,
        null
      ],
      "/Users/edwardweng/Code/ruby_100/jumpstart_tutorials/ha_physics/feynman/app/models/deal.rb": [
        1,
        1,
        1,
        null,
        1,
        null,
        null,
        null,
        null,
        null,
        1,
        1,
        null,
        1,
        null,
        1,
        null,
        1,
        0,
        0,
        0,
        0,
        null,
        null,
        null,
        1,
        null,
        1,
        0,
        null,
        null,
        1,
        0,
        null,
        null,
        1,
        0,
        null,
        null,
        null
      ],
      "/Users/edwardweng/Code/ruby_100/jumpstart_tutorials/ha_physics/feynman/app/controllers/api/v1/events_controller.rb": [
        1,
        1,
        null,
        1,
        0,
        0,
        null,
        0,
        null,
        null,
        0,
        null,
        null,
        1,
        0,
        0,
        null,
        0,
        null,
        null,
        null
      ],
      "/Users/edwardweng/Code/ruby_100/jumpstart_tutorials/ha_physics/feynman/app/models/event.rb": [
        1,
        1,
        null,
        null,
        1,
        1,
        1,
        null,
        1,
        2,
        2,
        null,
        null,
        1,
        0,
        null,
        null,
        1,
        0,
        0,
        0,
        0,
        null,
        null,
        1,
        0,
        0,
        null,
        null
      ],
      "/Users/edwardweng/Code/ruby_100/jumpstart_tutorials/ha_physics/feynman/app/controllers/api/v1/images_controller.rb": [
        1,
        1,
        null,
        1,
        0,
        null,
        null,
        0,
        0,
        null,
        0,
        null,
        null,
        null,
        1,
        0,
        0,
        null,
        0,
        null,
        null,
        null
      ],
      "/Users/edwardweng/Code/ruby_100/jumpstart_tutorials/ha_physics/feynman/app/models/image.rb": [
        1,
        1,
        1,
        null,
        1,
        null,
        1,
        1,
        null,
        null,
        1,
        1,
        null,
        null
      ],
      "/Users/edwardweng/Code/ruby_100/jumpstart_tutorials/ha_physics/feynman/app/controllers/api/v1/messages_controller.rb": [
        1,
        1,
        null,
        1,
        0,
        0,
        null,
        0,
        0,
        null,
        0,
        null,
        null,
        null,
        1,
        0,
        0,
        null,
        null
      ],
      "/Users/edwardweng/Code/ruby_100/jumpstart_tutorials/ha_physics/feynman/app/models/message.rb": [
        1,
        1,
        1,
        null,
        1,
        1,
        null,
        1,
        1,
        null,
        null,
        1,
        1,
        null,
        null,
        1,
        1,
        1,
        null,
        6,
        null,
        1,
        null,
        null
      ],
      "/Users/edwardweng/Code/ruby_100/jumpstart_tutorials/ha_physics/feynman/app/controllers/api/v1/user_details_controller.rb": [
        1,
        1,
        null,
        1,
        0,
        0,
        null,
        null,
        null,
        1,
        0,
        0,
        0,
        null,
        null,
        null
      ],
      "/Users/edwardweng/Code/ruby_100/jumpstart_tutorials/ha_physics/feynman/app/models/user_detail.rb": [
        1,
        1,
        null,
        null,
        null,
        null,
        null,
        1,
        null,
        1,
        null,
        1,
        null,
        null,
        null,
        null,
        null,
        null,
        1,
        0,
        0,
        0,
        0,
        null,
        null,
        null,
        1,
        1,
        null,
        1,
        null,
        1,
        0,
        null,
        null,
        1,
        0,
        null,
        null,
        null,
        null,
        null,
        null,
        null,
        null,
        0,
        null,
        null,
        1,
        19,
        null,
        null,
        1,
        21,
        null,
        null,
        1,
        2,
        null,
        null,
        1,
        2,
        null,
        null,
        1,
        3,
        1,
        2,
        1,
        1,
        1,
        null,
        null,
        null,
        1,
        2,
        null,
        null,
        1,
        3,
        3,
        null,
        null
      ],
      "/Users/edwardweng/Code/ruby_100/jumpstart_tutorials/ha_physics/feynman/app/controllers/authentications_controller.rb": [
        1,
        1,
        null,
        1,
        null,
        null
      ],
      "/Users/edwardweng/Code/ruby_100/jumpstart_tutorials/ha_physics/feynman/app/controllers/deals_controller.rb": [
        1,
        1,
        null,
        1,
        null,
        null
      ],
      "/Users/edwardweng/Code/ruby_100/jumpstart_tutorials/ha_physics/feynman/app/controllers/events_controller.rb": [
        1,
        1,
        null,
        1,
        0,
        null,
        null,
        1,
        0,
        0,
        null,
        0,
        null,
        null,
        null,
        1,
        null,
        null
      ],
      "/Users/edwardweng/Code/ruby_100/jumpstart_tutorials/ha_physics/feynman/app/controllers/messages_controller.rb": [
        1,
        1,
        null,
        1,
        null,
        null,
        1,
        0,
        0,
        0,
        0,
        null,
        0,
        null,
        null,
        null
      ],
      "/Users/edwardweng/Code/ruby_100/jumpstart_tutorials/ha_physics/feynman/app/controllers/pages_controller.rb": [
        1,
        1,
        0,
        0,
        0,
        null,
        null
      ],
      "/Users/edwardweng/Code/ruby_100/jumpstart_tutorials/ha_physics/feynman/app/controllers/signups_controller.rb": [
        1,
        1,
        0,
        0,
        null,
        0,
        0,
        0,
        0,
        null,
        0,
        0,
        null,
        null,
        null
      ],
      "/Users/edwardweng/Code/ruby_100/jumpstart_tutorials/ha_physics/feynman/app/controllers/user_details_controller.rb": [
        1,
        null,
        null,
        null,
        null,
        null,
        null,
        null,
        null,
        null,
        null,
        null,
        null,
        null
      ],
      "/Users/edwardweng/Code/ruby_100/jumpstart_tutorials/ha_physics/feynman/app/controllers/users/omniauth_callbacks_controller.rb": [
        1,
        null,
        1,
        0,
        0,
        0,
        0,
        null,
        null,
        null
      ],
      "/Users/edwardweng/Code/ruby_100/jumpstart_tutorials/ha_physics/feynman/app/controllers/users_controller.rb": [
        1,
        1,
        null,
        1,
        0,
        0,
        0,
        0,
        null,
        0,
        null,
        0,
        0,
        null,
        null,
        null,
        null
      ]
    },
    "timestamp": 1341338148
  }
}
