{
  "RSpec": {
    "coverage": {
      "/Users/edwardweng/Code/ruby_100/jumpstart_tutorials/ha_physics/feynman/app/models/user.rb": [
        1,
        null,
        null,
        1,
        null,
        null,
        null,
        1,
        null,
        null,
        1,
        null,
        1,
        null,
        1,
        0,
        0,
        0,
        null,
        null,
        null,
        null,
        1,
        0,
        0,
        0,
        null,
        null,
        null,
        null,
        null,
        null,
        null,
        null,
        0,
        null,
        null,
        null
      ],
      "/Users/edwardweng/Code/ruby_100/jumpstart_tutorials/ha_physics/feynman/app/controllers/application_controller.rb": [
        1,
        1,
        null
      ],
      "/Users/edwardweng/Code/ruby_100/jumpstart_tutorials/ha_physics/feynman/app/helpers/application_helper.rb": [
        1,
        null
      ],
      "/Users/edwardweng/Code/ruby_100/jumpstart_tutorials/ha_physics/feynman/app/helpers/api_helper.rb": [
        1,
        null
      ],
      "/Users/edwardweng/Code/ruby_100/jumpstart_tutorials/ha_physics/feynman/app/helpers/api/v1/events_helper.rb": [
        1,
        null
      ],
      "/Users/edwardweng/Code/ruby_100/jumpstart_tutorials/ha_physics/feynman/app/helpers/events_helper.rb": [
        1,
        null
      ],
      "/Users/edwardweng/Code/ruby_100/jumpstart_tutorials/ha_physics/feynman/app/helpers/pages_helper.rb": [
        1,
        null
      ],
      "/Users/edwardweng/Code/ruby_100/jumpstart_tutorials/ha_physics/feynman/app/controllers/api/v1/events_controller.rb": [
        1,
        1,
        null,
        1,
        0,
        0,
        0,
        null,
        null,
        0,
        null,
        null
      ],
      "/Users/edwardweng/Code/ruby_100/jumpstart_tutorials/ha_physics/feynman/app/controllers/api_controller.rb": [
        1,
        1,
        null,
        1,
        null,
        1,
        0,
        0,
        0,
        null,
        null,
        null,
        null
      ],
      "/Users/edwardweng/Code/ruby_100/jumpstart_tutorials/ha_physics/feynman/app/models/event.rb": [
        1,
        1,
        null,
        1,
        null,
        null
      ],
      "/Users/edwardweng/Code/ruby_100/jumpstart_tutorials/ha_physics/feynman/app/controllers/events_controller.rb": [
        1,
        null,
        0,
        0,
        0,
        0,
        0,
        null,
        null
      ]
    },
    "timestamp": 1340395293
  }
}
